1490241035: mosquitto version 1.4.11 (build date Mon, 20 Feb 2017 22:47:27 +0000) starting
1490241035: Config loaded from /mqtt/config/mosquitto.conf.
1490241035: Opening websockets listen socket on port 9001.
1490241035: Opening ipv4 listen socket on port 1883.
1490241035: Opening ipv6 listen socket on port 1883.
1490241044: mosquitto version 1.4.11 terminating
1490241057: mosquitto version 1.4.11 (build date Mon, 20 Feb 2017 22:47:27 +0000) starting
1490241057: Config loaded from /mqtt/config/mosquitto.conf.
1490241057: Opening websockets listen socket on port 9001.
1490241057: Opening ipv4 listen socket on port 1883.
1490241057: Opening ipv6 listen socket on port 1883.
1490241081: New connection from 172.17.0.1 on port 1883.
1490241081: Client test disconnected.
1490241081: New client connected from 172.17.0.1 as test (c0, k60).
1490241088: Socket error on client test, disconnecting.
1490241238: Error in poll: Interrupted system call.
1490241238: mosquitto version 1.4.11 terminating
1490241518: mosquitto version 1.4.11 (build date Mon, 20 Feb 2017 22:47:27 +0000) starting
1490241518: Config loaded from /mqtt/config/mosquitto.conf.
1490241518: Opening ipv4 listen socket on port 8883.
1490241518: Opening ipv6 listen socket on port 8883.
1490241531: mosquitto version 1.4.11 terminating
1490241550: mosquitto version 1.4.11 (build date Mon, 20 Feb 2017 22:47:27 +0000) starting
1490241550: Config loaded from /mqtt/config/mosquitto.conf.
1490241550: Opening ipv4 listen socket on port 8883.
1490241550: Opening ipv6 listen socket on port 8883.
1490241581: New connection from 172.17.0.1 on port 8883.
1490241581: Client test disconnected.
1490241581: New client connected from 172.17.0.1 as test (c0, k60, u'OTADevice').
1490241644: New connection from 220.128.104.26 on port 8883.
1490241644: OpenSSL Error: error:14094416:SSL routines:SSL3_READ_BYTES:sslv3 alert certificate unknown
1490241644: OpenSSL Error: error:140940E5:SSL routines:SSL3_READ_BYTES:ssl handshake failure
1490241644: Socket error on client <unknown>, disconnecting.
1490241669: New connection from 220.128.104.26 on port 8883.
1490241669: OpenSSL Error: error:14094416:SSL routines:SSL3_READ_BYTES:sslv3 alert certificate unknown
1490241669: OpenSSL Error: error:140940E5:SSL routines:SSL3_READ_BYTES:ssl handshake failure
1490241669: Socket error on client <unknown>, disconnecting.
1490242028: Socket error on client test, disconnecting.
1490242100: mosquitto version 1.4.11 (build date Mon, 20 Feb 2017 22:47:27 +0000) starting
1490242100: Config loaded from /mqtt/config/mosquitto.conf.
1490242100: Opening ipv4 listen socket on port 8883.
1490242100: Opening ipv6 listen socket on port 8883.
1490242102: mosquitto version 1.4.11 terminating
1490242130: mosquitto version 1.4.11 (build date Mon, 20 Feb 2017 22:47:27 +0000) starting
1490242130: Config loaded from /mqtt/config/mosquitto.conf.
1490242130: Opening ipv4 listen socket on port 8883.
1490242130: Opening ipv6 listen socket on port 8883.
1490242162: Error in poll: Interrupted system call.
1490242162: mosquitto version 1.4.11 terminating
1490242163: mosquitto version 1.4.11 (build date Mon, 20 Feb 2017 22:47:27 +0000) starting
1490242163: Config loaded from /mqtt/config/mosquitto.conf.
1490242163: Opening ipv4 listen socket on port 8883.
1490242163: Opening ipv6 listen socket on port 8883.
1490242181: New connection from 172.17.0.1 on port 8883.
1490242181: OpenSSL Error: error:140760FC:SSL routines:SSL23_GET_CLIENT_HELLO:unknown protocol
1490242181: Socket error on client <unknown>, disconnecting.
1490242182: Client connection from 172.17.0.1 failed: error:140760FC:SSL routines:SSL23_GET_CLIENT_HELLO:unknown protocol.
1490242183: Client connection from 172.17.0.1 failed: error:140760FC:SSL routines:SSL23_GET_CLIENT_HELLO:unknown protocol.
1490242184: Client connection from 172.17.0.1 failed: error:140760FC:SSL routines:SSL23_GET_CLIENT_HELLO:unknown protocol.
1490242185: Client connection from 172.17.0.1 failed: error:140760FC:SSL routines:SSL23_GET_CLIENT_HELLO:unknown protocol.
1490242186: Client connection from 172.17.0.1 failed: error:140760FC:SSL routines:SSL23_GET_CLIENT_HELLO:unknown protocol.
1490242197: Client connection from 172.17.0.1 failed: error:140760FC:SSL routines:SSL23_GET_CLIENT_HELLO:unknown protocol.
1490242198: Client connection from 172.17.0.1 failed: error:140760FC:SSL routines:SSL23_GET_CLIENT_HELLO:unknown protocol.
1490242199: Client connection from 172.17.0.1 failed: error:140760FC:SSL routines:SSL23_GET_CLIENT_HELLO:unknown protocol.
1490242224: Error in poll: Interrupted system call.
1490242224: mosquitto version 1.4.11 terminating
1490242224: mosquitto version 1.4.11 (build date Mon, 20 Feb 2017 22:47:27 +0000) starting
1490242224: Config loaded from /mqtt/config/mosquitto.conf.
1490242224: Opening ipv4 listen socket on port 8883.
1490242224: Opening ipv6 listen socket on port 8883.
1490242228: New connection from 172.17.0.1 on port 8883.
1490242228: Client test disconnected.
1490242228: New client connected from 172.17.0.1 as test (c0, k60, u'OTADevice').
1490242245: New connection from 220.128.104.26 on port 8883.
1490242245: Client test already connected, closing old connection.
1490242245: Client test disconnected.
1490242245: New client connected from 220.128.104.26 as test (c0, k60, u'OTADevice').
1490242246: New connection from 172.17.0.1 on port 8883.
1490242246: Client test already connected, closing old connection.
1490242246: Client test disconnected.
1490242246: New client connected from 172.17.0.1 as test (c0, k60, u'OTADevice').
1490242248: New connection from 220.128.104.26 on port 8883.
1490242248: Client test already connected, closing old connection.
1490242248: Client test disconnected.
1490242248: New client connected from 220.128.104.26 as test (c0, k60, u'OTADevice').
1490242249: New connection from 172.17.0.1 on port 8883.
1490242249: Client test already connected, closing old connection.
1490242249: Client test disconnected.
1490242249: New client connected from 172.17.0.1 as test (c0, k60, u'OTADevice').
1490242250: New connection from 220.128.104.26 on port 8883.
1490242250: Client test already connected, closing old connection.
1490242250: Client test disconnected.
1490242250: New client connected from 220.128.104.26 as test (c0, k60, u'OTADevice').
1490242251: New connection from 172.17.0.1 on port 8883.
1490242251: Client test already connected, closing old connection.
1490242251: Client test disconnected.
1490242251: New client connected from 172.17.0.1 as test (c0, k60, u'OTADevice').
1490242253: New connection from 220.128.104.26 on port 8883.
1490242253: Client test already connected, closing old connection.
1490242253: Client test disconnected.
1490242253: New client connected from 220.128.104.26 as test (c0, k60, u'OTADevice').
1490242254: New connection from 172.17.0.1 on port 8883.
1490242254: Client test already connected, closing old connection.
1490242254: Client test disconnected.
1490242254: New client connected from 172.17.0.1 as test (c0, k60, u'OTADevice').
1490242255: Socket error on client test, disconnecting.
1490242255: New connection from 220.128.104.26 on port 8883.
1490242255: Client test disconnected.
1490242255: New client connected from 220.128.104.26 as test (c0, k60, u'OTADevice').
1490242317: New connection from 172.17.0.1 on port 8883.
1490242317: New client connected from 172.17.0.1 as mosqpub/8868-ip-172-31- (c1, k60, u'OTADevice').
1490242317: Client mosqpub/8868-ip-172-31- disconnected.
1490242321: Socket error on client test, disconnecting.
1490244025: Saving in-memory database to /mqtt/data/mosquitto.db.
1490245826: Saving in-memory database to /mqtt/data/mosquitto.db.
1490247627: Saving in-memory database to /mqtt/data/mosquitto.db.
1490249428: Saving in-memory database to /mqtt/data/mosquitto.db.
1490251229: Saving in-memory database to /mqtt/data/mosquitto.db.
1490253030: Saving in-memory database to /mqtt/data/mosquitto.db.
1490254831: Saving in-memory database to /mqtt/data/mosquitto.db.
1490256632: Saving in-memory database to /mqtt/data/mosquitto.db.
1490258433: Saving in-memory database to /mqtt/data/mosquitto.db.
1490260234: Saving in-memory database to /mqtt/data/mosquitto.db.
1490262035: Saving in-memory database to /mqtt/data/mosquitto.db.
1490263836: Saving in-memory database to /mqtt/data/mosquitto.db.
1490265637: Saving in-memory database to /mqtt/data/mosquitto.db.
1490267438: Saving in-memory database to /mqtt/data/mosquitto.db.
1490269239: Saving in-memory database to /mqtt/data/mosquitto.db.
1490271040: Saving in-memory database to /mqtt/data/mosquitto.db.
1490272841: Saving in-memory database to /mqtt/data/mosquitto.db.
1490274642: Saving in-memory database to /mqtt/data/mosquitto.db.
1490276443: Saving in-memory database to /mqtt/data/mosquitto.db.
1490278244: Saving in-memory database to /mqtt/data/mosquitto.db.
1490280045: Saving in-memory database to /mqtt/data/mosquitto.db.
1490281846: Saving in-memory database to /mqtt/data/mosquitto.db.
1490283647: Saving in-memory database to /mqtt/data/mosquitto.db.
1490285448: Saving in-memory database to /mqtt/data/mosquitto.db.
1490287249: Saving in-memory database to /mqtt/data/mosquitto.db.
1490289050: Saving in-memory database to /mqtt/data/mosquitto.db.
1490290851: Saving in-memory database to /mqtt/data/mosquitto.db.
1490292652: Saving in-memory database to /mqtt/data/mosquitto.db.
1490294453: Saving in-memory database to /mqtt/data/mosquitto.db.
1490296254: Saving in-memory database to /mqtt/data/mosquitto.db.
1490298055: Saving in-memory database to /mqtt/data/mosquitto.db.
1490299856: Saving in-memory database to /mqtt/data/mosquitto.db.
1490301657: Saving in-memory database to /mqtt/data/mosquitto.db.
1490303458: Saving in-memory database to /mqtt/data/mosquitto.db.
1490305259: Saving in-memory database to /mqtt/data/mosquitto.db.
1490307060: Saving in-memory database to /mqtt/data/mosquitto.db.
1490308861: Saving in-memory database to /mqtt/data/mosquitto.db.
1490310662: Saving in-memory database to /mqtt/data/mosquitto.db.
1490312463: Saving in-memory database to /mqtt/data/mosquitto.db.
1490314264: Saving in-memory database to /mqtt/data/mosquitto.db.
1490316065: Saving in-memory database to /mqtt/data/mosquitto.db.
1490317866: Saving in-memory database to /mqtt/data/mosquitto.db.
1490319667: Saving in-memory database to /mqtt/data/mosquitto.db.
1490321468: Saving in-memory database to /mqtt/data/mosquitto.db.
1490323269: Saving in-memory database to /mqtt/data/mosquitto.db.
1490325070: Saving in-memory database to /mqtt/data/mosquitto.db.
1490326871: Saving in-memory database to /mqtt/data/mosquitto.db.
1490328672: Saving in-memory database to /mqtt/data/mosquitto.db.
1490330473: Saving in-memory database to /mqtt/data/mosquitto.db.
1490332274: Saving in-memory database to /mqtt/data/mosquitto.db.
1490334075: Saving in-memory database to /mqtt/data/mosquitto.db.
1490335876: Saving in-memory database to /mqtt/data/mosquitto.db.
1490337677: Saving in-memory database to /mqtt/data/mosquitto.db.
1490339478: Saving in-memory database to /mqtt/data/mosquitto.db.
1490341279: Saving in-memory database to /mqtt/data/mosquitto.db.
1490343080: Saving in-memory database to /mqtt/data/mosquitto.db.
1490344881: Saving in-memory database to /mqtt/data/mosquitto.db.
1490346682: Saving in-memory database to /mqtt/data/mosquitto.db.
1490348483: Saving in-memory database to /mqtt/data/mosquitto.db.
1490350284: Saving in-memory database to /mqtt/data/mosquitto.db.
1490352085: Saving in-memory database to /mqtt/data/mosquitto.db.
1490353886: Saving in-memory database to /mqtt/data/mosquitto.db.
1490355687: Saving in-memory database to /mqtt/data/mosquitto.db.
1490357488: Saving in-memory database to /mqtt/data/mosquitto.db.
1490359289: Saving in-memory database to /mqtt/data/mosquitto.db.
1490361090: Saving in-memory database to /mqtt/data/mosquitto.db.
1490362891: Saving in-memory database to /mqtt/data/mosquitto.db.
1490364692: Saving in-memory database to /mqtt/data/mosquitto.db.
1490366493: Saving in-memory database to /mqtt/data/mosquitto.db.
1490368294: Saving in-memory database to /mqtt/data/mosquitto.db.
1490370095: Saving in-memory database to /mqtt/data/mosquitto.db.
1490371896: Saving in-memory database to /mqtt/data/mosquitto.db.
1490373697: Saving in-memory database to /mqtt/data/mosquitto.db.
1490375498: Saving in-memory database to /mqtt/data/mosquitto.db.
1490377299: Saving in-memory database to /mqtt/data/mosquitto.db.
1490379100: Saving in-memory database to /mqtt/data/mosquitto.db.
1490380901: Saving in-memory database to /mqtt/data/mosquitto.db.
1490382702: Saving in-memory database to /mqtt/data/mosquitto.db.
1490384503: Saving in-memory database to /mqtt/data/mosquitto.db.
1490386304: Saving in-memory database to /mqtt/data/mosquitto.db.
1490388105: Saving in-memory database to /mqtt/data/mosquitto.db.
1490389906: Saving in-memory database to /mqtt/data/mosquitto.db.
1490391707: Saving in-memory database to /mqtt/data/mosquitto.db.
1490393508: Saving in-memory database to /mqtt/data/mosquitto.db.
1490395309: Saving in-memory database to /mqtt/data/mosquitto.db.
1490397110: Saving in-memory database to /mqtt/data/mosquitto.db.
1490398911: Saving in-memory database to /mqtt/data/mosquitto.db.
1490400712: Saving in-memory database to /mqtt/data/mosquitto.db.
1490402513: Saving in-memory database to /mqtt/data/mosquitto.db.
1490404314: Saving in-memory database to /mqtt/data/mosquitto.db.
1490406115: Saving in-memory database to /mqtt/data/mosquitto.db.
1490406278: Error in poll: Interrupted system call.
1490406278: mosquitto version 1.4.11 terminating
1490427251: mosquitto version 1.4.11 (build date Mon, 20 Feb 2017 22:47:27 +0000) starting
1490427251: Config loaded from /mqtt/config/mosquitto.conf.
1490427251: Opening ipv4 listen socket on port 8883.
1490427251: Opening ipv6 listen socket on port 8883.
1490427276: New connection from 172.17.0.1 on port 8883.
1490427276: Client test disconnected.
1490427276: New client connected from 172.17.0.1 as test (c0, k60, u'OTADevice').
1490428004: Socket error on client test, disconnecting.
1490429051: Saving in-memory database to /mqtt/data/mosquitto.db.
1490430852: Saving in-memory database to /mqtt/data/mosquitto.db.
1490432653: Saving in-memory database to /mqtt/data/mosquitto.db.
1490434454: Saving in-memory database to /mqtt/data/mosquitto.db.
1490436255: Saving in-memory database to /mqtt/data/mosquitto.db.
1490438057: Saving in-memory database to /mqtt/data/mosquitto.db.
1490439857: Saving in-memory database to /mqtt/data/mosquitto.db.
1490441658: Saving in-memory database to /mqtt/data/mosquitto.db.
1490443459: Saving in-memory database to /mqtt/data/mosquitto.db.
1490445260: Saving in-memory database to /mqtt/data/mosquitto.db.
1490447061: Saving in-memory database to /mqtt/data/mosquitto.db.
1490448863: Saving in-memory database to /mqtt/data/mosquitto.db.
1490450664: Saving in-memory database to /mqtt/data/mosquitto.db.
1490452464: Saving in-memory database to /mqtt/data/mosquitto.db.
1490454266: Saving in-memory database to /mqtt/data/mosquitto.db.
1490456067: Saving in-memory database to /mqtt/data/mosquitto.db.
1490457867: Saving in-memory database to /mqtt/data/mosquitto.db.
1490459668: Saving in-memory database to /mqtt/data/mosquitto.db.
1490461469: Saving in-memory database to /mqtt/data/mosquitto.db.
1490463270: Saving in-memory database to /mqtt/data/mosquitto.db.
1490465071: Saving in-memory database to /mqtt/data/mosquitto.db.
1490466872: Saving in-memory database to /mqtt/data/mosquitto.db.
1490468673: Saving in-memory database to /mqtt/data/mosquitto.db.
1490470475: Saving in-memory database to /mqtt/data/mosquitto.db.
1490472275: Saving in-memory database to /mqtt/data/mosquitto.db.
1490474077: Saving in-memory database to /mqtt/data/mosquitto.db.
1490475877: Saving in-memory database to /mqtt/data/mosquitto.db.
1490477679: Saving in-memory database to /mqtt/data/mosquitto.db.
1490479479: Saving in-memory database to /mqtt/data/mosquitto.db.
1490481280: Saving in-memory database to /mqtt/data/mosquitto.db.
1490483081: Saving in-memory database to /mqtt/data/mosquitto.db.
1490484882: Saving in-memory database to /mqtt/data/mosquitto.db.
1490486683: Saving in-memory database to /mqtt/data/mosquitto.db.
1490488484: Saving in-memory database to /mqtt/data/mosquitto.db.
1490490285: Saving in-memory database to /mqtt/data/mosquitto.db.
1490492086: Saving in-memory database to /mqtt/data/mosquitto.db.
1490493887: Saving in-memory database to /mqtt/data/mosquitto.db.
1490495688: Saving in-memory database to /mqtt/data/mosquitto.db.
1490497489: Saving in-memory database to /mqtt/data/mosquitto.db.
1490499291: Saving in-memory database to /mqtt/data/mosquitto.db.
1490501091: Saving in-memory database to /mqtt/data/mosquitto.db.
1490501756: New connection from 185.35.63.154 on port 8883.
1490501756: Socket error on client <unknown>, disconnecting.
1490502893: Saving in-memory database to /mqtt/data/mosquitto.db.
1490504694: Saving in-memory database to /mqtt/data/mosquitto.db.
1490506495: Saving in-memory database to /mqtt/data/mosquitto.db.
1490508296: Saving in-memory database to /mqtt/data/mosquitto.db.
1490510096: Saving in-memory database to /mqtt/data/mosquitto.db.
1490511897: Saving in-memory database to /mqtt/data/mosquitto.db.
1490513698: Saving in-memory database to /mqtt/data/mosquitto.db.
1490515499: Saving in-memory database to /mqtt/data/mosquitto.db.
1490517301: Saving in-memory database to /mqtt/data/mosquitto.db.
1490519102: Saving in-memory database to /mqtt/data/mosquitto.db.
1490520902: Saving in-memory database to /mqtt/data/mosquitto.db.
1490522703: Saving in-memory database to /mqtt/data/mosquitto.db.
1490524504: Saving in-memory database to /mqtt/data/mosquitto.db.
1490526305: Saving in-memory database to /mqtt/data/mosquitto.db.
1490528106: Saving in-memory database to /mqtt/data/mosquitto.db.
1490529907: Saving in-memory database to /mqtt/data/mosquitto.db.
1490531708: Saving in-memory database to /mqtt/data/mosquitto.db.
1490533509: Saving in-memory database to /mqtt/data/mosquitto.db.
1490535310: Saving in-memory database to /mqtt/data/mosquitto.db.
1490537111: Saving in-memory database to /mqtt/data/mosquitto.db.
1490538912: Saving in-memory database to /mqtt/data/mosquitto.db.
1490540713: Saving in-memory database to /mqtt/data/mosquitto.db.
1490542514: Saving in-memory database to /mqtt/data/mosquitto.db.
1490544315: Saving in-memory database to /mqtt/data/mosquitto.db.
1490546116: Saving in-memory database to /mqtt/data/mosquitto.db.
1490547918: Saving in-memory database to /mqtt/data/mosquitto.db.
1490549718: Saving in-memory database to /mqtt/data/mosquitto.db.
1490551519: Saving in-memory database to /mqtt/data/mosquitto.db.
1490553320: Saving in-memory database to /mqtt/data/mosquitto.db.
1490555121: Saving in-memory database to /mqtt/data/mosquitto.db.
1490556922: Saving in-memory database to /mqtt/data/mosquitto.db.
1490558723: Saving in-memory database to /mqtt/data/mosquitto.db.
1490560524: Saving in-memory database to /mqtt/data/mosquitto.db.
1490562325: Saving in-memory database to /mqtt/data/mosquitto.db.
1490564127: Saving in-memory database to /mqtt/data/mosquitto.db.
1490565927: Saving in-memory database to /mqtt/data/mosquitto.db.
1490567728: Saving in-memory database to /mqtt/data/mosquitto.db.
1490569529: Saving in-memory database to /mqtt/data/mosquitto.db.
1490571330: Saving in-memory database to /mqtt/data/mosquitto.db.
1490573131: Saving in-memory database to /mqtt/data/mosquitto.db.
1490574933: Saving in-memory database to /mqtt/data/mosquitto.db.
1490576733: Saving in-memory database to /mqtt/data/mosquitto.db.
1490578534: Saving in-memory database to /mqtt/data/mosquitto.db.
1490579833: Error in poll: Interrupted system call.
1490579833: mosquitto version 1.4.11 terminating
